<?xml version="1.0" encoding="UTF-8"?>
<!-- Generated by org.testng.reporters.JUnitReportReporter -->
<testsuite hostname="Madgula" failures="0" tests="1" name="com.mkm.tests.HomepageTest" time="5.713" errors="0" timestamp="2023-01-28T17:07:39 PST" skipped="0">
  <testcase classname="com.mkm.tests.HomepageTest" name="test2" time="5.713"/>
  <system-out/>
</testsuite> <!-- com.mkm.tests.HomepageTest -->
